# JRE version: Java(TM) SE Runtime Environment (8.0_91-b15) (build 1.8.0_91-b15)
# Java VM: Java HotSpot(TM) 64-Bit Server VM (25.91-b15 mixed mode windows-amd64 compressed oops)
Heap:
 PSYoungGen      total 312832K, used 312820K [0x00000000e0000000, 0x00000000f5700000, 0x0000000100000000)
  eden space 300544K, 100% used [0x00000000e0000000,0x00000000f2580000,0x00000000f2580000)
  from space 12288K, 99% used [0x00000000f4b00000,0x00000000f56fd250,0x00000000f5700000)
  to   space 15360K, 0% used [0x00000000f3900000,0x00000000f3900000,0x00000000f4800000)
 ParOldGen       total 58368K, used 18025K [0x00000000a0000000, 0x00000000a3900000, 0x00000000e0000000)
  object space 58368K, 30% used [0x00000000a0000000,0x00000000a119a630,0x00000000a3900000)
 Metaspace       used 55666K, capacity 57216K, committed 57472K, reserved 1099776K
  class space    used 7429K, capacity 7740K, committed 7808K, reserved 1048576K
GC Heap History (10 events):
Event: 20.872 GC heap before
{Heap before GC invocations=6 (full 1):
 PSYoungGen      total 102400K, used 98304K [0x00000000e0000000, 0x00000000e6800000, 0x0000000100000000)
  eden space 98304K, 100% used [0x00000000e0000000,0x00000000e6000000,0x00000000e6000000)
  from space 4096K, 0% used [0x00000000e6400000,0x00000000e6400000,0x00000000e6800000)
  to   space 4096K, 0% used [0x00000000e6000000,0x00000000e6000000,0x00000000e6400000)
 ParOldGen       total 43520K, used 9075K [0x00000000a0000000, 0x00000000a2a80000, 0x00000000e0000000)
  object space 43520K, 20% used [0x00000000a0000000,0x00000000a08dcf08,0x00000000a2a80000)
 Metaspace       used 27588K, capacity 28170K, committed 28416K, reserved 1073152K
  class space    used 3880K, capacity 4027K, committed 4096K, reserved 1048576K
Event: 20.885 GC heap after
Heap after GC invocations=6 (full 1):
 PSYoungGen      total 102400K, used 4073K [0x00000000e0000000, 0x00000000ec980000, 0x0000000100000000)
  eden space 98304K, 0% used [0x00000000e0000000,0x00000000e0000000,0x00000000e6000000)
  from space 4096K, 99% used [0x00000000e6000000,0x00000000e63fa718,0x00000000e6400000)
  to   space 12288K, 0% used [0x00000000ebd80000,0x00000000ebd80000,0x00000000ec980000)
 ParOldGen       total 43520K, used 14222K [0x00000000a0000000, 0x00000000a2a80000, 0x00000000e0000000)
  object space 43520K, 32% used [0x00000000a0000000,0x00000000a0de3bb0,0x00000000a2a80000)
 Metaspace       used 27588K, capacity 28170K, committed 28416K, reserved 1073152K
  class space    used 3880K, capacity 4027K, committed 4096K, reserved 1048576K
}
Event: 25.825 GC heap before
{Heap before GC invocations=7 (full 1):
 PSYoungGen      total 102400K, used 102377K [0x00000000e0000000, 0x00000000ec980000, 0x0000000100000000)
  eden space 98304K, 100% used [0x00000000e0000000,0x00000000e6000000,0x00000000e6000000)
  from space 4096K, 99% used [0x00000000e6000000,0x00000000e63fa718,0x00000000e6400000)
  to   space 12288K, 0% used [0x00000000ebd80000,0x00000000ebd80000,0x00000000ec980000)
 ParOldGen       total 43520K, used 14222K [0x00000000a0000000, 0x00000000a2a80000, 0x00000000e0000000)
  object space 43520K, 32% used [0x00000000a0000000,0x00000000a0de3bb0,0x00000000a2a80000)
 Metaspace       used 32498K, capacity 33226K, committed 33664K, reserved 1079296K
  class space    used 4512K, capacity 4718K, committed 4736K, reserved 1048576K
Event: 25.839 GC heap after
Heap after GC invocations=7 (full 1):
 PSYoungGen      total 187904K, used 9355K [0x00000000e0000000, 0x00000000ec700000, 0x0000000100000000)
  eden space 178176K, 0% used [0x00000000e0000000,0x00000000e0000000,0x00000000eae00000)
  from space 9728K, 96% used [0x00000000ebd80000,0x00000000ec6a2ef0,0x00000000ec700000)
  to   space 12800K, 0% used [0x00000000eae00000,0x00000000eae00000,0x00000000eba80000)
 ParOldGen       total 43520K, used 14230K [0x00000000a0000000, 0x00000000a2a80000, 0x00000000e0000000)
  object space 43520K, 32% used [0x00000000a0000000,0x00000000a0de5bb0,0x00000000a2a80000)
 Metaspace       used 32498K, capacity 33226K, committed 33664K, reserved 1079296K
  class space    used 4512K, capacity 4718K, committed 4736K, reserved 1048576K
}
Event: 26.439 GC heap before
{Heap before GC invocations=8 (full 1):
 PSYoungGen      total 187904K, used 51276K [0x00000000e0000000, 0x00000000ec700000, 0x0000000100000000)
  eden space 178176K, 23% used [0x00000000e0000000,0x00000000e28f0288,0x00000000eae00000)
  from space 9728K, 96% used [0x00000000ebd80000,0x00000000ec6a2ef0,0x00000000ec700000)
  to   space 12800K, 0% used [0x00000000eae00000,0x00000000eae00000,0x00000000eba80000)
 ParOldGen       total 43520K, used 14230K [0x00000000a0000000, 0x00000000a2a80000, 0x00000000e0000000)
  object space 43520K, 32% used [0x00000000a0000000,0x00000000a0de5bb0,0x00000000a2a80000)
 Metaspace       used 34432K, capacity 35118K, committed 35456K, reserved 1079296K
  class space    used 4744K, capacity 4916K, committed 4992K, reserved 1048576K
Event: 26.455 GC heap after
Heap after GC invocations=8 (full 1):
 PSYoungGen      total 190976K, used 8221K [0x00000000e0000000, 0x00000000f5700000, 0x0000000100000000)
  eden space 178176K, 0% used [0x00000000e0000000,0x00000000e0000000,0x00000000eae00000)
  from space 12800K, 64% used [0x00000000eae00000,0x00000000eb607768,0x00000000eba80000)
  to   space 12288K, 0% used [0x00000000f4b00000,0x00000000f4b00000,0x00000000f5700000)
 ParOldGen       total 43520K, used 14238K [0x00000000a0000000, 0x00000000a2a80000, 0x00000000e0000000)
  object space 43520K, 32% used [0x00000000a0000000,0x00000000a0de7bb0,0x00000000a2a80000)
 Metaspace       used 34432K, capacity 35118K, committed 35456K, reserved 1079296K
  class space    used 4744K, capacity 4916K, committed 4992K, reserved 1048576K
}
Event: 26.455 GC heap before
{Heap before GC invocations=9 (full 2):
 PSYoungGen      total 190976K, used 8221K [0x00000000e0000000, 0x00000000f5700000, 0x0000000100000000)
  eden space 178176K, 0% used [0x00000000e0000000,0x00000000e0000000,0x00000000eae00000)
  from space 12800K, 64% used [0x00000000eae00000,0x00000000eb607768,0x00000000eba80000)
  to   space 12288K, 0% used [0x00000000f4b00000,0x00000000f4b00000,0x00000000f5700000)
 ParOldGen       total 43520K, used 14238K [0x00000000a0000000, 0x00000000a2a80000, 0x00000000e0000000)
  object space 43520K, 32% used [0x00000000a0000000,0x00000000a0de7bb0,0x00000000a2a80000)
 Metaspace       used 34432K, capacity 35118K, committed 35456K, reserved 1079296K
  class space    used 4744K, capacity 4916K, committed 4992K, reserved 1048576K
Event: 26.550 GC heap after
Heap after GC invocations=9 (full 2):
 PSYoungGen      total 190976K, used 0K [0x00000000e0000000, 0x00000000f5700000, 0x0000000100000000)
  eden space 178176K, 0% used [0x00000000e0000000,0x00000000e0000000,0x00000000eae00000)
  from space 12800K, 0% used [0x00000000eae00000,0x00000000eae00000,0x00000000eba80000)
  to   space 12288K, 0% used [0x00000000f4b00000,0x00000000f4b00000,0x00000000f5700000)
 ParOldGen       total 58368K, used 15123K [0x00000000a0000000, 0x00000000a3900000, 0x00000000e0000000)
  object space 58368K, 25% used [0x00000000a0000000,0x00000000a0ec4c28,0x00000000a3900000)
 Metaspace       used 34432K, capacity 35118K, committed 35456K, reserved 1079296K
  class space    used 4744K, capacity 4916K, committed 4992K, reserved 1048576K
}
Event: 38.714 GC heap before
{Heap before GC invocations=10 (full 2):
 PSYoungGen      total 190976K, used 178176K [0x00000000e0000000, 0x00000000f5700000, 0x0000000100000000)
  eden space 178176K, 100% used [0x00000000e0000000,0x00000000eae00000,0x00000000eae00000)
  from space 12800K, 0% used [0x00000000eae00000,0x00000000eae00000,0x00000000eba80000)
  to   space 12288K, 0% used [0x00000000f4b00000,0x00000000f4b00000,0x00000000f5700000)
 ParOldGen       total 58368K, used 15123K [0x00000000a0000000, 0x00000000a3900000, 0x00000000e0000000)
  object space 58368K, 25% used [0x00000000a0000000,0x00000000a0ec4c28,0x00000000a3900000)
 Metaspace       used 44576K, capacity 45598K, committed 45824K, reserved 1089536K
  class space    used 6086K, capacity 6327K, committed 6400K, reserved 1048576K
Event: 38.747 GC heap after
Heap after GC invocations=10 (full 2):
 PSYoungGen      total 312832K, used 12276K [0x00000000e0000000, 0x00000000f5700000, 0x0000000100000000)
  eden space 300544K, 0% used [0x00000000e0000000,0x00000000e0000000,0x00000000f2580000)
  from space 12288K, 99% used [0x00000000f4b00000,0x00000000f56fd250,0x00000000f5700000)
  to   space 15360K, 0% used [0x00000000f3900000,0x00000000f3900000,0x00000000f4800000)
 ParOldGen       total 58368K, used 18025K [0x00000000a0000000, 0x00000000a3900000, 0x00000000e0000000)
  object space 58368K, 30% used [0x00000000a0000000,0x00000000a119a630,0x00000000a3900000)
 Metaspace       used 44576K, capacity 45598K, committed 45824K, reserved 1089536K
  class space    used 6086K, capacity 6327K, committed 6400K, reserved 1048576K
}

