# JRE version: Java(TM) SE Runtime Environment (8.0_91-b15) (build 1.8.0_91-b15)
# Java VM: Java HotSpot(TM) 64-Bit Server VM (25.91-b15 mixed mode windows-amd64 compressed oops)
Heap:
 PSYoungGen      total 28672K, used 16597K [0x00000000e0000000, 0x00000000e3280000, 0x0000000100000000)
  eden space 24576K, 56% used [0x00000000e0000000,0x00000000e0d74030,0x00000000e1800000)
  from space 4096K, 68% used [0x00000000e1800000,0x00000000e1ac1548,0x00000000e1c00000)
  to   space 9216K, 0% used [0x00000000e2980000,0x00000000e2980000,0x00000000e3280000)
 ParOldGen       total 44544K, used 15481K [0x00000000a0000000, 0x00000000a2b80000, 0x00000000e0000000)
  object space 44544K, 34% used [0x00000000a0000000,0x00000000a0f1e570,0x00000000a2b80000)
 Metaspace       used 31688K, capacity 32390K, committed 32768K, reserved 1077248K
  class space    used 4368K, capacity 4557K, committed 4608K, reserved 1048576K
GC Heap History (10 events):
Event: 13.557 GC heap before
{Heap before GC invocations=10 (full 1):
 PSYoungGen      total 28672K, used 28659K [0x00000000e0000000, 0x00000000e2000000, 0x0000000100000000)
  eden space 24576K, 100% used [0x00000000e0000000,0x00000000e1800000,0x00000000e1800000)
  from space 4096K, 99% used [0x00000000e1c00000,0x00000000e1ffce68,0x00000000e2000000)
  to   space 4096K, 0% used [0x00000000e1800000,0x00000000e1800000,0x00000000e1c00000)
 ParOldGen       total 44544K, used 11386K [0x00000000a0000000, 0x00000000a2b80000, 0x00000000e0000000)
  object space 44544K, 25% used [0x00000000a0000000,0x00000000a0b1e898,0x00000000a2b80000)
 Metaspace       used 26709K, capacity 27232K, committed 27520K, reserved 1073152K
  class space    used 3757K, capacity 3900K, committed 3968K, reserved 1048576K
Event: 13.562 GC heap after
Heap after GC invocations=10 (full 1):
 PSYoungGen      total 28672K, used 4092K [0x00000000e0000000, 0x00000000e2000000, 0x0000000100000000)
  eden space 24576K, 0% used [0x00000000e0000000,0x00000000e0000000,0x00000000e1800000)
  from space 4096K, 99% used [0x00000000e1800000,0x00000000e1bff2f0,0x00000000e1c00000)
  to   space 4096K, 0% used [0x00000000e1c00000,0x00000000e1c00000,0x00000000e2000000)
 ParOldGen       total 44544K, used 11797K [0x00000000a0000000, 0x00000000a2b80000, 0x00000000e0000000)
  object space 44544K, 26% used [0x00000000a0000000,0x00000000a0b85528,0x00000000a2b80000)
 Metaspace       used 26709K, capacity 27232K, committed 27520K, reserved 1073152K
  class space    used 3757K, capacity 3900K, committed 3968K, reserved 1048576K
}
Event: 14.218 GC heap before
{Heap before GC invocations=11 (full 1):
 PSYoungGen      total 28672K, used 28668K [0x00000000e0000000, 0x00000000e2000000, 0x0000000100000000)
  eden space 24576K, 100% used [0x00000000e0000000,0x00000000e1800000,0x00000000e1800000)
  from space 4096K, 99% used [0x00000000e1800000,0x00000000e1bff2f0,0x00000000e1c00000)
  to   space 4096K, 0% used [0x00000000e1c00000,0x00000000e1c00000,0x00000000e2000000)
 ParOldGen       total 44544K, used 11797K [0x00000000a0000000, 0x00000000a2b80000, 0x00000000e0000000)
  object space 44544K, 26% used [0x00000000a0000000,0x00000000a0b85528,0x00000000a2b80000)
 Metaspace       used 27640K, capacity 28184K, committed 28416K, reserved 1073152K
  class space    used 3876K, capacity 4000K, committed 4096K, reserved 1048576K
Event: 14.223 GC heap after
Heap after GC invocations=11 (full 1):
 PSYoungGen      total 28672K, used 1563K [0x00000000e0000000, 0x00000000e2000000, 0x0000000100000000)
  eden space 24576K, 0% used [0x00000000e0000000,0x00000000e0000000,0x00000000e1800000)
  from space 4096K, 38% used [0x00000000e1c00000,0x00000000e1d86fa8,0x00000000e2000000)
  to   space 4096K, 0% used [0x00000000e1800000,0x00000000e1800000,0x00000000e1c00000)
 ParOldGen       total 44544K, used 14193K [0x00000000a0000000, 0x00000000a2b80000, 0x00000000e0000000)
  object space 44544K, 31% used [0x00000000a0000000,0x00000000a0ddc548,0x00000000a2b80000)
 Metaspace       used 27640K, capacity 28184K, committed 28416K, reserved 1073152K
  class space    used 3876K, capacity 4000K, committed 4096K, reserved 1048576K
}
Event: 14.821 GC heap before
{Heap before GC invocations=12 (full 1):
 PSYoungGen      total 28672K, used 26139K [0x00000000e0000000, 0x00000000e2000000, 0x0000000100000000)
  eden space 24576K, 100% used [0x00000000e0000000,0x00000000e1800000,0x00000000e1800000)
  from space 4096K, 38% used [0x00000000e1c00000,0x00000000e1d86fa8,0x00000000e2000000)
  to   space 4096K, 0% used [0x00000000e1800000,0x00000000e1800000,0x00000000e1c00000)
 ParOldGen       total 44544K, used 14193K [0x00000000a0000000, 0x00000000a2b80000, 0x00000000e0000000)
  object space 44544K, 31% used [0x00000000a0000000,0x00000000a0ddc548,0x00000000a2b80000)
 Metaspace       used 27786K, capacity 28312K, committed 28672K, reserved 1073152K
  class space    used 3879K, capacity 4000K, committed 4096K, reserved 1048576K
Event: 14.825 GC heap after
Heap after GC invocations=12 (full 1):
 PSYoungGen      total 28672K, used 864K [0x00000000e0000000, 0x00000000e2000000, 0x0000000100000000)
  eden space 24576K, 0% used [0x00000000e0000000,0x00000000e0000000,0x00000000e1800000)
  from space 4096K, 21% used [0x00000000e1800000,0x00000000e18d8000,0x00000000e1c00000)
  to   space 4096K, 0% used [0x00000000e1c00000,0x00000000e1c00000,0x00000000e2000000)
 ParOldGen       total 44544K, used 14905K [0x00000000a0000000, 0x00000000a2b80000, 0x00000000e0000000)
  object space 44544K, 33% used [0x00000000a0000000,0x00000000a0e8e570,0x00000000a2b80000)
 Metaspace       used 27786K, capacity 28312K, committed 28672K, reserved 1073152K
  class space    used 3879K, capacity 4000K, committed 4096K, reserved 1048576K
}
Event: 15.391 GC heap before
{Heap before GC invocations=13 (full 1):
 PSYoungGen      total 28672K, used 25440K [0x00000000e0000000, 0x00000000e2000000, 0x0000000100000000)
  eden space 24576K, 100% used [0x00000000e0000000,0x00000000e1800000,0x00000000e1800000)
  from space 4096K, 21% used [0x00000000e1800000,0x00000000e18d8000,0x00000000e1c00000)
  to   space 4096K, 0% used [0x00000000e1c00000,0x00000000e1c00000,0x00000000e2000000)
 ParOldGen       total 44544K, used 14905K [0x00000000a0000000, 0x00000000a2b80000, 0x00000000e0000000)
  object space 44544K, 33% used [0x00000000a0000000,0x00000000a0e8e570,0x00000000a2b80000)
 Metaspace       used 27939K, capacity 28504K, committed 28928K, reserved 1075200K
  class space    used 3881K, capacity 4000K, committed 4096K, reserved 1048576K
Event: 15.393 GC heap after
Heap after GC invocations=13 (full 1):
 PSYoungGen      total 28672K, used 576K [0x00000000e0000000, 0x00000000e2000000, 0x0000000100000000)
  eden space 24576K, 0% used [0x00000000e0000000,0x00000000e0000000,0x00000000e1800000)
  from space 4096K, 14% used [0x00000000e1c00000,0x00000000e1c90000,0x00000000e2000000)
  to   space 4096K, 0% used [0x00000000e1800000,0x00000000e1800000,0x00000000e1c00000)
 ParOldGen       total 44544K, used 15233K [0x00000000a0000000, 0x00000000a2b80000, 0x00000000e0000000)
  object space 44544K, 34% used [0x00000000a0000000,0x00000000a0ee0570,0x00000000a2b80000)
 Metaspace       used 27939K, capacity 28504K, committed 28928K, reserved 1075200K
  class space    used 3881K, capacity 4000K, committed 4096K, reserved 1048576K
}
Event: 17.133 GC heap before
{Heap before GC invocations=14 (full 1):
 PSYoungGen      total 28672K, used 25152K [0x00000000e0000000, 0x00000000e2000000, 0x0000000100000000)
  eden space 24576K, 100% used [0x00000000e0000000,0x00000000e1800000,0x00000000e1800000)
  from space 4096K, 14% used [0x00000000e1c00000,0x00000000e1c90000,0x00000000e2000000)
  to   space 4096K, 0% used [0x00000000e1800000,0x00000000e1800000,0x00000000e1c00000)
 ParOldGen       total 44544K, used 15233K [0x00000000a0000000, 0x00000000a2b80000, 0x00000000e0000000)
  object space 44544K, 34% used [0x00000000a0000000,0x00000000a0ee0570,0x00000000a2b80000)
 Metaspace       used 29716K, capacity 30348K, committed 30720K, reserved 1075200K
  class space    used 4113K, capacity 4280K, committed 4352K, reserved 1048576K
Event: 17.137 GC heap after
Heap after GC invocations=14 (full 1):
 PSYoungGen      total 28672K, used 2821K [0x00000000e0000000, 0x00000000e3280000, 0x0000000100000000)
  eden space 24576K, 0% used [0x00000000e0000000,0x00000000e0000000,0x00000000e1800000)
  from space 4096K, 68% used [0x00000000e1800000,0x00000000e1ac1548,0x00000000e1c00000)
  to   space 9216K, 0% used [0x00000000e2980000,0x00000000e2980000,0x00000000e3280000)
 ParOldGen       total 44544K, used 15481K [0x00000000a0000000, 0x00000000a2b80000, 0x00000000e0000000)
  object space 44544K, 34% used [0x00000000a0000000,0x00000000a0f1e570,0x00000000a2b80000)
 Metaspace       used 29716K, capacity 30348K, committed 30720K, reserved 1075200K
  class space    used 4113K, capacity 4280K, committed 4352K, reserved 1048576K
}

