# JRE version: Java(TM) SE Runtime Environment (8.0_91-b15) (build 1.8.0_91-b15)
# Java VM: Java HotSpot(TM) 64-Bit Server VM (25.91-b15 mixed mode windows-amd64 compressed oops)
Heap:
 PSYoungGen      total 41472K, used 20779K [0x00000000e0000000, 0x00000000e3200000, 0x0000000100000000)
  eden space 32768K, 56% used [0x00000000e0000000,0x00000000e1204718,0x00000000e2000000)
  from space 8704K, 26% used [0x00000000e2980000,0x00000000e2bc66e8,0x00000000e3200000)
  to   space 9216K, 0% used [0x00000000e2000000,0x00000000e2000000,0x00000000e2900000)
 ParOldGen       total 48128K, used 14720K [0x00000000a0000000, 0x00000000a2f00000, 0x00000000e0000000)
  object space 48128K, 30% used [0x00000000a0000000,0x00000000a0e60118,0x00000000a2f00000)
 Metaspace       used 28189K, capacity 28914K, committed 29056K, reserved 1075200K
  class space    used 3952K, capacity 4139K, committed 4224K, reserved 1048576K
GC Heap History (10 events):
Event: 7.238 GC heap before
{Heap before GC invocations=7 (full 1):
 PSYoungGen      total 28672K, used 4064K [0x00000000e0000000, 0x00000000e2000000, 0x0000000100000000)
  eden space 24576K, 0% used [0x00000000e0000000,0x00000000e0000000,0x00000000e1800000)
  from space 4096K, 99% used [0x00000000e1c00000,0x00000000e1ff8020,0x00000000e2000000)
  to   space 4096K, 0% used [0x00000000e1800000,0x00000000e1800000,0x00000000e1c00000)
 ParOldGen       total 65536K, used 9563K [0x00000000a0000000, 0x00000000a4000000, 0x00000000e0000000)
  object space 65536K, 14% used [0x00000000a0000000,0x00000000a0956df8,0x00000000a4000000)
 Metaspace       used 20823K, capacity 21280K, committed 21296K, reserved 1067008K
  class space    used 2776K, capacity 2928K, committed 2944K, reserved 1048576K
Event: 7.315 GC heap after
Heap after GC invocations=7 (full 1):
 PSYoungGen      total 28672K, used 0K [0x00000000e0000000, 0x00000000e2000000, 0x0000000100000000)
  eden space 24576K, 0% used [0x00000000e0000000,0x00000000e0000000,0x00000000e1800000)
  from space 4096K, 0% used [0x00000000e1c00000,0x00000000e1c00000,0x00000000e2000000)
  to   space 4096K, 0% used [0x00000000e1800000,0x00000000e1800000,0x00000000e1c00000)
 ParOldGen       total 48128K, used 11532K [0x00000000a0000000, 0x00000000a2f00000, 0x00000000e0000000)
  object space 48128K, 23% used [0x00000000a0000000,0x00000000a0b432c8,0x00000000a2f00000)
 Metaspace       used 20823K, capacity 21280K, committed 21296K, reserved 1067008K
  class space    used 2776K, capacity 2928K, committed 2944K, reserved 1048576K
}
Event: 8.065 GC heap before
{Heap before GC invocations=8 (full 1):
 PSYoungGen      total 28672K, used 24576K [0x00000000e0000000, 0x00000000e2000000, 0x0000000100000000)
  eden space 24576K, 100% used [0x00000000e0000000,0x00000000e1800000,0x00000000e1800000)
  from space 4096K, 0% used [0x00000000e1c00000,0x00000000e1c00000,0x00000000e2000000)
  to   space 4096K, 0% used [0x00000000e1800000,0x00000000e1800000,0x00000000e1c00000)
 ParOldGen       total 48128K, used 11532K [0x00000000a0000000, 0x00000000a2f00000, 0x00000000e0000000)
  object space 48128K, 23% used [0x00000000a0000000,0x00000000a0b432c8,0x00000000a2f00000)
 Metaspace       used 23033K, capacity 23514K, committed 23808K, reserved 1069056K
  class space    used 3138K, capacity 3286K, committed 3328K, reserved 1048576K
Event: 8.069 GC heap after
Heap after GC invocations=8 (full 1):
 PSYoungGen      total 28672K, used 3654K [0x00000000e0000000, 0x00000000e2000000, 0x0000000100000000)
  eden space 24576K, 0% used [0x00000000e0000000,0x00000000e0000000,0x00000000e1800000)
  from space 4096K, 89% used [0x00000000e1800000,0x00000000e1b91bf0,0x00000000e1c00000)
  to   space 4096K, 0% used [0x00000000e1c00000,0x00000000e1c00000,0x00000000e2000000)
 ParOldGen       total 48128K, used 11532K [0x00000000a0000000, 0x00000000a2f00000, 0x00000000e0000000)
  object space 48128K, 23% used [0x00000000a0000000,0x00000000a0b432c8,0x00000000a2f00000)
 Metaspace       used 23033K, capacity 23514K, committed 23808K, reserved 1069056K
  class space    used 3138K, capacity 3286K, committed 3328K, reserved 1048576K
}
Event: 9.210 GC heap before
{Heap before GC invocations=9 (full 1):
 PSYoungGen      total 28672K, used 28230K [0x00000000e0000000, 0x00000000e2000000, 0x0000000100000000)
  eden space 24576K, 100% used [0x00000000e0000000,0x00000000e1800000,0x00000000e1800000)
  from space 4096K, 89% used [0x00000000e1800000,0x00000000e1b91bf0,0x00000000e1c00000)
  to   space 4096K, 0% used [0x00000000e1c00000,0x00000000e1c00000,0x00000000e2000000)
 ParOldGen       total 48128K, used 11532K [0x00000000a0000000, 0x00000000a2f00000, 0x00000000e0000000)
  object space 48128K, 23% used [0x00000000a0000000,0x00000000a0b432c8,0x00000000a2f00000)
 Metaspace       used 24566K, capacity 25236K, committed 25472K, reserved 1071104K
  class space    used 3434K, capacity 3622K, committed 3712K, reserved 1048576K
Event: 9.215 GC heap after
Heap after GC invocations=9 (full 1):
 PSYoungGen      total 28672K, used 3846K [0x00000000e0000000, 0x00000000e2000000, 0x0000000100000000)
  eden space 24576K, 0% used [0x00000000e0000000,0x00000000e0000000,0x00000000e1800000)
  from space 4096K, 93% used [0x00000000e1c00000,0x00000000e1fc1a60,0x00000000e2000000)
  to   space 4096K, 0% used [0x00000000e1800000,0x00000000e1800000,0x00000000e1c00000)
 ParOldGen       total 48128K, used 11540K [0x00000000a0000000, 0x00000000a2f00000, 0x00000000e0000000)
  object space 48128K, 23% used [0x00000000a0000000,0x00000000a0b452c8,0x00000000a2f00000)
 Metaspace       used 24566K, capacity 25236K, committed 25472K, reserved 1071104K
  class space    used 3434K, capacity 3622K, committed 3712K, reserved 1048576K
}
Event: 10.890 GC heap before
{Heap before GC invocations=10 (full 1):
 PSYoungGen      total 28672K, used 28422K [0x00000000e0000000, 0x00000000e2000000, 0x0000000100000000)
  eden space 24576K, 100% used [0x00000000e0000000,0x00000000e1800000,0x00000000e1800000)
  from space 4096K, 93% used [0x00000000e1c00000,0x00000000e1fc1a60,0x00000000e2000000)
  to   space 4096K, 0% used [0x00000000e1800000,0x00000000e1800000,0x00000000e1c00000)
 ParOldGen       total 48128K, used 11540K [0x00000000a0000000, 0x00000000a2f00000, 0x00000000e0000000)
  object space 48128K, 23% used [0x00000000a0000000,0x00000000a0b452c8,0x00000000a2f00000)
 Metaspace       used 26454K, capacity 27130K, committed 27264K, reserved 1073152K
  class space    used 3735K, capacity 3911K, committed 3968K, reserved 1048576K
Event: 10.898 GC heap after
Heap after GC invocations=10 (full 1):
 PSYoungGen      total 28672K, used 4091K [0x00000000e0000000, 0x00000000e3200000, 0x0000000100000000)
  eden space 24576K, 0% used [0x00000000e0000000,0x00000000e0000000,0x00000000e1800000)
  from space 4096K, 99% used [0x00000000e1800000,0x00000000e1bfeeb0,0x00000000e1c00000)
  to   space 8704K, 0% used [0x00000000e2980000,0x00000000e2980000,0x00000000e3200000)
 ParOldGen       total 48128K, used 12264K [0x00000000a0000000, 0x00000000a2f00000, 0x00000000e0000000)
  object space 48128K, 25% used [0x00000000a0000000,0x00000000a0bfa0e8,0x00000000a2f00000)
 Metaspace       used 26454K, capacity 27130K, committed 27264K, reserved 1073152K
  class space    used 3735K, capacity 3911K, committed 3968K, reserved 1048576K
}
Event: 13.491 GC heap before
{Heap before GC invocations=11 (full 1):
 PSYoungGen      total 28672K, used 28667K [0x00000000e0000000, 0x00000000e3200000, 0x0000000100000000)
  eden space 24576K, 100% used [0x00000000e0000000,0x00000000e1800000,0x00000000e1800000)
  from space 4096K, 99% used [0x00000000e1800000,0x00000000e1bfeeb0,0x00000000e1c00000)
  to   space 8704K, 0% used [0x00000000e2980000,0x00000000e2980000,0x00000000e3200000)
 ParOldGen       total 48128K, used 12264K [0x00000000a0000000, 0x00000000a2f00000, 0x00000000e0000000)
  object space 48128K, 25% used [0x00000000a0000000,0x00000000a0bfa0e8,0x00000000a2f00000)
 Metaspace       used 28072K, capacity 28780K, committed 29056K, reserved 1075200K
  class space    used 3948K, capacity 4138K, committed 4224K, reserved 1048576K
Event: 13.502 GC heap after
Heap after GC invocations=11 (full 1):
 PSYoungGen      total 41472K, used 2329K [0x00000000e0000000, 0x00000000e3200000, 0x0000000100000000)
  eden space 32768K, 0% used [0x00000000e0000000,0x00000000e0000000,0x00000000e2000000)
  from space 8704K, 26% used [0x00000000e2980000,0x00000000e2bc66e8,0x00000000e3200000)
  to   space 9216K, 0% used [0x00000000e2000000,0x00000000e2000000,0x00000000e2900000)
 ParOldGen       total 48128K, used 14720K [0x00000000a0000000, 0x00000000a2f00000, 0x00000000e0000000)
  object space 48128K, 30% used [0x00000000a0000000,0x00000000a0e60118,0x00000000a2f00000)
 Metaspace       used 28072K, capacity 28780K, committed 29056K, reserved 1075200K
  class space    used 3948K, capacity 4138K, committed 4224K, reserved 1048576K
}

