# JRE version: Java(TM) SE Runtime Environment (8.0_91-b15) (build 1.8.0_91-b15)
# Java VM: Java HotSpot(TM) 64-Bit Server VM (25.91-b15 mixed mode windows-amd64 compressed oops)
Heap:
 PSYoungGen      total 240640K, used 39219K [0x00000000e0000000, 0x00000000f1980000, 0x0000000100000000)
  eden space 212992K, 7% used [0x00000000e0000000,0x00000000e0f77d18,0x00000000ed000000)
  from space 27648K, 84% used [0x00000000ed000000,0x00000000ee6d50f0,0x00000000eeb00000)
  to   space 26112K, 0% used [0x00000000eeb00000,0x00000000eeb00000,0x00000000f0480000)
 ParOldGen       total 120320K, used 120175K [0x00000000a0000000, 0x00000000a7580000, 0x00000000e0000000)
  object space 120320K, 99% used [0x00000000a0000000,0x00000000a755be60,0x00000000a7580000)
 Metaspace       used 76499K, capacity 80504K, committed 80768K, reserved 1118208K
  class space    used 10230K, capacity 11050K, committed 11136K, reserved 1048576K
GC Heap History (10 events):
Event: 507.218 GC heap before
{Heap before GC invocations=25 (full 4):
 PSYoungGen      total 237568K, used 36258K [0x00000000e0000000, 0x00000000f0580000, 0x0000000100000000)
  eden space 214528K, 11% used [0x00000000e0000000,0x00000000e180f720,0x00000000ed180000)
  from space 23040K, 50% used [0x00000000eef00000,0x00000000efa59408,0x00000000f0580000)
  to   space 26624K, 0% used [0x00000000ed180000,0x00000000ed180000,0x00000000eeb80000)
 ParOldGen       total 82432K, used 60597K [0x00000000a0000000, 0x00000000a5080000, 0x00000000e0000000)
  object space 82432K, 73% used [0x00000000a0000000,0x00000000a3b2d5e0,0x00000000a5080000)
 Metaspace       used 69274K, capacity 73022K, committed 73216K, reserved 1112064K
  class space    used 9449K, capacity 10215K, committed 10240K, reserved 1048576K
Event: 507.229 GC heap after
Heap after GC invocations=25 (full 4):
 PSYoungGen      total 221184K, used 6635K [0x00000000e0000000, 0x00000000f0480000, 0x0000000100000000)
  eden space 214528K, 0% used [0x00000000e0000000,0x00000000e0000000,0x00000000ed180000)
  from space 6656K, 99% used [0x00000000ed180000,0x00000000ed7fad78,0x00000000ed800000)
  to   space 26112K, 0% used [0x00000000eeb00000,0x00000000eeb00000,0x00000000f0480000)
 ParOldGen       total 82432K, used 60605K [0x00000000a0000000, 0x00000000a5080000, 0x00000000e0000000)
  object space 82432K, 73% used [0x00000000a0000000,0x00000000a3b2f5e0,0x00000000a5080000)
 Metaspace       used 69274K, capacity 73022K, committed 73216K, reserved 1112064K
  class space    used 9449K, capacity 10215K, committed 10240K, reserved 1048576K
}
Event: 507.229 GC heap before
{Heap before GC invocations=26 (full 5):
 PSYoungGen      total 221184K, used 6635K [0x00000000e0000000, 0x00000000f0480000, 0x0000000100000000)
  eden space 214528K, 0% used [0x00000000e0000000,0x00000000e0000000,0x00000000ed180000)
  from space 6656K, 99% used [0x00000000ed180000,0x00000000ed7fad78,0x00000000ed800000)
  to   space 26112K, 0% used [0x00000000eeb00000,0x00000000eeb00000,0x00000000f0480000)
 ParOldGen       total 82432K, used 60605K [0x00000000a0000000, 0x00000000a5080000, 0x00000000e0000000)
  object space 82432K, 73% used [0x00000000a0000000,0x00000000a3b2f5e0,0x00000000a5080000)
 Metaspace       used 69274K, capacity 73022K, committed 73216K, reserved 1112064K
  class space    used 9449K, capacity 10215K, committed 10240K, reserved 1048576K
Event: 507.867 GC heap after
Heap after GC invocations=26 (full 5):
 PSYoungGen      total 221184K, used 0K [0x00000000e0000000, 0x00000000f0480000, 0x0000000100000000)
  eden space 214528K, 0% used [0x00000000e0000000,0x00000000e0000000,0x00000000ed180000)
  from space 6656K, 0% used [0x00000000ed180000,0x00000000ed180000,0x00000000ed800000)
  to   space 26112K, 0% used [0x00000000eeb00000,0x00000000eeb00000,0x00000000f0480000)
 ParOldGen       total 82432K, used 66568K [0x00000000a0000000, 0x00000000a5080000, 0x00000000e0000000)
  object space 82432K, 80% used [0x00000000a0000000,0x00000000a4102380,0x00000000a5080000)
 Metaspace       used 69274K, capacity 73022K, committed 73216K, reserved 1112064K
  class space    used 9449K, capacity 10215K, committed 10240K, reserved 1048576K
}
Event: 580.920 GC heap before
{Heap before GC invocations=27 (full 5):
 PSYoungGen      total 221184K, used 214528K [0x00000000e0000000, 0x00000000f0480000, 0x0000000100000000)
  eden space 214528K, 100% used [0x00000000e0000000,0x00000000ed180000,0x00000000ed180000)
  from space 6656K, 0% used [0x00000000ed180000,0x00000000ed180000,0x00000000ed800000)
  to   space 26112K, 0% used [0x00000000eeb00000,0x00000000eeb00000,0x00000000f0480000)
 ParOldGen       total 82432K, used 66568K [0x00000000a0000000, 0x00000000a5080000, 0x00000000e0000000)
  object space 82432K, 80% used [0x00000000a0000000,0x00000000a4102380,0x00000000a5080000)
 Metaspace       used 73525K, capacity 77466K, committed 77696K, reserved 1116160K
  class space    used 9996K, capacity 10783K, committed 10880K, reserved 1048576K
Event: 580.951 GC heap after
Heap after GC invocations=27 (full 5):
 PSYoungGen      total 239104K, used 18716K [0x00000000e0000000, 0x00000000f1980000, 0x0000000100000000)
  eden space 212992K, 0% used [0x00000000e0000000,0x00000000e0000000,0x00000000ed000000)
  from space 26112K, 71% used [0x00000000eeb00000,0x00000000efd47018,0x00000000f0480000)
  to   space 27648K, 0% used [0x00000000ed000000,0x00000000ed000000,0x00000000eeb00000)
 ParOldGen       total 82432K, used 66576K [0x00000000a0000000, 0x00000000a5080000, 0x00000000e0000000)
  object space 82432K, 80% used [0x00000000a0000000,0x00000000a4104380,0x00000000a5080000)
 Metaspace       used 73525K, capacity 77466K, committed 77696K, reserved 1116160K
  class space    used 9996K, capacity 10783K, committed 10880K, reserved 1048576K
}
Event: 584.818 GC heap before
{Heap before GC invocations=28 (full 5):
 PSYoungGen      total 239104K, used 231708K [0x00000000e0000000, 0x00000000f1980000, 0x0000000100000000)
  eden space 212992K, 100% used [0x00000000e0000000,0x00000000ed000000,0x00000000ed000000)
  from space 26112K, 71% used [0x00000000eeb00000,0x00000000efd47018,0x00000000f0480000)
  to   space 27648K, 0% used [0x00000000ed000000,0x00000000ed000000,0x00000000eeb00000)
 ParOldGen       total 82432K, used 66576K [0x00000000a0000000, 0x00000000a5080000, 0x00000000e0000000)
  object space 82432K, 80% used [0x00000000a0000000,0x00000000a4104380,0x00000000a5080000)
 Metaspace       used 76134K, capacity 80184K, committed 80512K, reserved 1118208K
  class space    used 10225K, capacity 11050K, committed 11136K, reserved 1048576K
Event: 584.947 GC heap after
Heap after GC invocations=28 (full 5):
 PSYoungGen      total 240640K, used 27647K [0x00000000e0000000, 0x00000000f1980000, 0x0000000100000000)
  eden space 212992K, 0% used [0x00000000e0000000,0x00000000e0000000,0x00000000ed000000)
  from space 27648K, 99% used [0x00000000ed000000,0x00000000eeaffc90,0x00000000eeb00000)
  to   space 26112K, 0% used [0x00000000eeb00000,0x00000000eeb00000,0x00000000f0480000)
 ParOldGen       total 120320K, used 120258K [0x00000000a0000000, 0x00000000a7580000, 0x00000000e0000000)
  object space 120320K, 99% used [0x00000000a0000000,0x00000000a75709c0,0x00000000a7580000)
 Metaspace       used 76134K, capacity 80184K, committed 80512K, reserved 1118208K
  class space    used 10225K, capacity 11050K, committed 11136K, reserved 1048576K
}
Event: 584.947 GC heap before
{Heap before GC invocations=29 (full 6):
 PSYoungGen      total 240640K, used 27647K [0x00000000e0000000, 0x00000000f1980000, 0x0000000100000000)
  eden space 212992K, 0% used [0x00000000e0000000,0x00000000e0000000,0x00000000ed000000)
  from space 27648K, 99% used [0x00000000ed000000,0x00000000eeaffc90,0x00000000eeb00000)
  to   space 26112K, 0% used [0x00000000eeb00000,0x00000000eeb00000,0x00000000f0480000)
 ParOldGen       total 120320K, used 120258K [0x00000000a0000000, 0x00000000a7580000, 0x00000000e0000000)
  object space 120320K, 99% used [0x00000000a0000000,0x00000000a75709c0,0x00000000a7580000)
 Metaspace       used 76134K, capacity 80184K, committed 80512K, reserved 1118208K
  class space    used 10225K, capacity 11050K, committed 11136K, reserved 1048576K
Event: 585.875 GC heap after
Heap after GC invocations=29 (full 6):
 PSYoungGen      total 240640K, used 23380K [0x00000000e0000000, 0x00000000f1980000, 0x0000000100000000)
  eden space 212992K, 0% used [0x00000000e0000000,0x00000000e0000000,0x00000000ed000000)
  from space 27648K, 84% used [0x00000000ed000000,0x00000000ee6d50f0,0x00000000eeb00000)
  to   space 26112K, 0% used [0x00000000eeb00000,0x00000000eeb00000,0x00000000f0480000)
 ParOldGen       total 120320K, used 120175K [0x00000000a0000000, 0x00000000a7580000, 0x00000000e0000000)
  object space 120320K, 99% used [0x00000000a0000000,0x00000000a755be60,0x00000000a7580000)
 Metaspace       used 76134K, capacity 80184K, committed 80512K, reserved 1118208K
  class space    used 10225K, capacity 11050K, committed 11136K, reserved 1048576K
}

