# JRE version: Java(TM) SE Runtime Environment (8.0_91-b15) (build 1.8.0_91-b15)
# Java VM: Java HotSpot(TM) 64-Bit Server VM (25.91-b15 mixed mode windows-amd64 compressed oops)
Heap:
 PSYoungGen      total 235008K, used 46648K [0x00000000e0000000, 0x00000000ef800000, 0x0000000100000000)
  eden space 216064K, 21% used [0x00000000e0000000,0x00000000e2d8e3e0,0x00000000ed300000)
  from space 18944K, 0% used [0x00000000ed300000,0x00000000ed300000,0x00000000ee580000)
  to   space 18944K, 0% used [0x00000000ee580000,0x00000000ee580000,0x00000000ef800000)
 ParOldGen       total 88576K, used 32334K [0x00000000a0000000, 0x00000000a5680000, 0x00000000e0000000)
  object space 88576K, 36% used [0x00000000a0000000,0x00000000a1f93bf8,0x00000000a5680000)
 Metaspace       used 58883K, capacity 61328K, committed 62208K, reserved 1103872K
  class space    used 7820K, capacity 8173K, committed 8448K, reserved 1048576K
GC Heap History (10 events):
Event: 5267.493 GC heap before
{Heap before GC invocations=23 (full 7):
 PSYoungGen      total 256000K, used 326K [0x00000000e0000000, 0x00000000f0f80000, 0x0000000100000000)
  eden space 235520K, 0% used [0x00000000e0000000,0x00000000e0000000,0x00000000ee600000)
  from space 20480K, 1% used [0x00000000efa80000,0x00000000efad1b28,0x00000000f0e80000)
  to   space 20992K, 0% used [0x00000000ee600000,0x00000000ee600000,0x00000000efa80000)
 ParOldGen       total 88576K, used 32609K [0x00000000a0000000, 0x00000000a5680000, 0x00000000e0000000)
  object space 88576K, 36% used [0x00000000a0000000,0x00000000a1fd8720,0x00000000a5680000)
 Metaspace       used 58239K, capacity 60346K, committed 61696K, reserved 1101824K
  class space    used 7763K, capacity 8094K, committed 8448K, reserved 1048576K
Event: 5267.709 GC heap after
Heap after GC invocations=23 (full 7):
 PSYoungGen      total 256000K, used 0K [0x00000000e0000000, 0x00000000f0f80000, 0x0000000100000000)
  eden space 235520K, 0% used [0x00000000e0000000,0x00000000e0000000,0x00000000ee600000)
  from space 20480K, 0% used [0x00000000efa80000,0x00000000efa80000,0x00000000f0e80000)
  to   space 20992K, 0% used [0x00000000ee600000,0x00000000ee600000,0x00000000efa80000)
 ParOldGen       total 88576K, used 31810K [0x00000000a0000000, 0x00000000a5680000, 0x00000000e0000000)
  object space 88576K, 35% used [0x00000000a0000000,0x00000000a1f10878,0x00000000a5680000)
 Metaspace       used 58239K, capacity 60346K, committed 61696K, reserved 1101824K
  class space    used 7763K, capacity 8094K, committed 8448K, reserved 1048576K
}
Event: 5370.307 GC heap before
{Heap before GC invocations=24 (full 7):
 PSYoungGen      total 256000K, used 235520K [0x00000000e0000000, 0x00000000f0f80000, 0x0000000100000000)
  eden space 235520K, 100% used [0x00000000e0000000,0x00000000ee600000,0x00000000ee600000)
  from space 20480K, 0% used [0x00000000efa80000,0x00000000efa80000,0x00000000f0e80000)
  to   space 20992K, 0% used [0x00000000ee600000,0x00000000ee600000,0x00000000efa80000)
 ParOldGen       total 88576K, used 31810K [0x00000000a0000000, 0x00000000a5680000, 0x00000000e0000000)
  object space 88576K, 35% used [0x00000000a0000000,0x00000000a1f10878,0x00000000a5680000)
 Metaspace       used 58600K, capacity 60788K, committed 61952K, reserved 1103872K
  class space    used 7793K, capacity 8139K, committed 8448K, reserved 1048576K
Event: 5370.321 GC heap after
Heap after GC invocations=24 (full 7):
 PSYoungGen      total 232960K, used 6965K [0x00000000e0000000, 0x00000000f0380000, 0x0000000100000000)
  eden space 225792K, 0% used [0x00000000e0000000,0x00000000e0000000,0x00000000edc80000)
  from space 7168K, 97% used [0x00000000ee600000,0x00000000eeccd6b8,0x00000000eed00000)
  to   space 19968K, 0% used [0x00000000ef000000,0x00000000ef000000,0x00000000f0380000)
 ParOldGen       total 88576K, used 31818K [0x00000000a0000000, 0x00000000a5680000, 0x00000000e0000000)
  object space 88576K, 35% used [0x00000000a0000000,0x00000000a1f12878,0x00000000a5680000)
 Metaspace       used 58600K, capacity 60788K, committed 61952K, reserved 1103872K
  class space    used 7793K, capacity 8139K, committed 8448K, reserved 1048576K
}
Event: 5436.573 GC heap before
{Heap before GC invocations=25 (full 7):
 PSYoungGen      total 232960K, used 232757K [0x00000000e0000000, 0x00000000f0380000, 0x0000000100000000)
  eden space 225792K, 100% used [0x00000000e0000000,0x00000000edc80000,0x00000000edc80000)
  from space 7168K, 97% used [0x00000000ee600000,0x00000000eeccd6b8,0x00000000eed00000)
  to   space 19968K, 0% used [0x00000000ef000000,0x00000000ef000000,0x00000000f0380000)
 ParOldGen       total 88576K, used 31818K [0x00000000a0000000, 0x00000000a5680000, 0x00000000e0000000)
  object space 88576K, 35% used [0x00000000a0000000,0x00000000a1f12878,0x00000000a5680000)
 Metaspace       used 58727K, capacity 61046K, committed 61952K, reserved 1103872K
  class space    used 7804K, capacity 8154K, committed 8448K, reserved 1048576K
Event: 5436.591 GC heap after
Heap after GC invocations=25 (full 7):
 PSYoungGen      total 224256K, used 6946K [0x00000000e0000000, 0x00000000ef800000, 0x0000000100000000)
  eden space 216064K, 0% used [0x00000000e0000000,0x00000000e0000000,0x00000000ed300000)
  from space 8192K, 84% used [0x00000000ef000000,0x00000000ef6c8890,0x00000000ef800000)
  to   space 18944K, 0% used [0x00000000ed300000,0x00000000ed300000,0x00000000ee580000)
 ParOldGen       total 88576K, used 31826K [0x00000000a0000000, 0x00000000a5680000, 0x00000000e0000000)
  object space 88576K, 35% used [0x00000000a0000000,0x00000000a1f14878,0x00000000a5680000)
 Metaspace       used 58727K, capacity 61046K, committed 61952K, reserved 1103872K
  class space    used 7804K, capacity 8154K, committed 8448K, reserved 1048576K
}
Event: 5440.412 GC heap before
{Heap before GC invocations=26 (full 7):
 PSYoungGen      total 224256K, used 172681K [0x00000000e0000000, 0x00000000ef800000, 0x0000000100000000)
  eden space 216064K, 76% used [0x00000000e0000000,0x00000000ea1d9cd8,0x00000000ed300000)
  from space 8192K, 84% used [0x00000000ef000000,0x00000000ef6c8890,0x00000000ef800000)
  to   space 18944K, 0% used [0x00000000ed300000,0x00000000ed300000,0x00000000ee580000)
 ParOldGen       total 88576K, used 31826K [0x00000000a0000000, 0x00000000a5680000, 0x00000000e0000000)
  object space 88576K, 35% used [0x00000000a0000000,0x00000000a1f14878,0x00000000a5680000)
 Metaspace       used 58815K, capacity 61180K, committed 62208K, reserved 1103872K
  class space    used 7807K, capacity 8155K, committed 8448K, reserved 1048576K
Event: 5440.418 GC heap after
Heap after GC invocations=26 (full 7):
 PSYoungGen      total 235008K, used 1766K [0x00000000e0000000, 0x00000000ef800000, 0x0000000100000000)
  eden space 216064K, 0% used [0x00000000e0000000,0x00000000e0000000,0x00000000ed300000)
  from space 18944K, 9% used [0x00000000ed300000,0x00000000ed4b9b48,0x00000000ee580000)
  to   space 18944K, 0% used [0x00000000ee580000,0x00000000ee580000,0x00000000ef800000)
 ParOldGen       total 88576K, used 31834K [0x00000000a0000000, 0x00000000a5680000, 0x00000000e0000000)
  object space 88576K, 35% used [0x00000000a0000000,0x00000000a1f16878,0x00000000a5680000)
 Metaspace       used 58815K, capacity 61180K, committed 62208K, reserved 1103872K
  class space    used 7807K, capacity 8155K, committed 8448K, reserved 1048576K
}
Event: 5440.418 GC heap before
{Heap before GC invocations=27 (full 8):
 PSYoungGen      total 235008K, used 1766K [0x00000000e0000000, 0x00000000ef800000, 0x0000000100000000)
  eden space 216064K, 0% used [0x00000000e0000000,0x00000000e0000000,0x00000000ed300000)
  from space 18944K, 9% used [0x00000000ed300000,0x00000000ed4b9b48,0x00000000ee580000)
  to   space 18944K, 0% used [0x00000000ee580000,0x00000000ee580000,0x00000000ef800000)
 ParOldGen       total 88576K, used 31834K [0x00000000a0000000, 0x00000000a5680000, 0x00000000e0000000)
  object space 88576K, 35% used [0x00000000a0000000,0x00000000a1f16878,0x00000000a5680000)
 Metaspace       used 58815K, capacity 61180K, committed 62208K, reserved 1103872K
  class space    used 7807K, capacity 8155K, committed 8448K, reserved 1048576K
Event: 5440.777 GC heap after
Heap after GC invocations=27 (full 8):
 PSYoungGen      total 235008K, used 0K [0x00000000e0000000, 0x00000000ef800000, 0x0000000100000000)
  eden space 216064K, 0% used [0x00000000e0000000,0x00000000e0000000,0x00000000ed300000)
  from space 18944K, 0% used [0x00000000ed300000,0x00000000ed300000,0x00000000ee580000)
  to   space 18944K, 0% used [0x00000000ee580000,0x00000000ee580000,0x00000000ef800000)
 ParOldGen       total 88576K, used 32334K [0x00000000a0000000, 0x00000000a5680000, 0x00000000e0000000)
  object space 88576K, 36% used [0x00000000a0000000,0x00000000a1f93bf8,0x00000000a5680000)
 Metaspace       used 58815K, capacity 61180K, committed 62208K, reserved 1103872K
  class space    used 7807K, capacity 8155K, committed 8448K, reserved 1048576K
}

