# JRE version: Java(TM) SE Runtime Environment (8.0_91-b15) (build 1.8.0_91-b15)
# Java VM: Java HotSpot(TM) 64-Bit Server VM (25.91-b15 mixed mode windows-amd64 compressed oops)
Heap:
 PSYoungGen      total 216576K, used 92718K [0x00000000e0000000, 0x00000000f1700000, 0x0000000100000000)
  eden space 198144K, 41% used [0x00000000e0000000,0x00000000e5026248,0x00000000ec180000)
  from space 18432K, 57% used [0x00000000ec180000,0x00000000ecbe5660,0x00000000ed380000)
  to   space 25600K, 0% used [0x00000000efe00000,0x00000000efe00000,0x00000000f1700000)
 ParOldGen       total 60928K, used 60862K [0x00000000a0000000, 0x00000000a3b80000, 0x00000000e0000000)
  object space 60928K, 99% used [0x00000000a0000000,0x00000000a3b6fb18,0x00000000a3b80000)
 Metaspace       used 62634K, capacity 65644K, committed 65920K, reserved 1105920K
  class space    used 8411K, capacity 9006K, committed 9088K, reserved 1048576K
GC Heap History (10 events):
Event: 36.698 GC heap before
{Heap before GC invocations=17 (full 3):
 PSYoungGen      total 176640K, used 161792K [0x00000000e0000000, 0x00000000ec580000, 0x0000000100000000)
  eden space 161792K, 100% used [0x00000000e0000000,0x00000000e9e00000,0x00000000e9e00000)
  from space 14848K, 0% used [0x00000000e9e00000,0x00000000e9e00000,0x00000000eac80000)
  to   space 19968K, 0% used [0x00000000eb200000,0x00000000eb200000,0x00000000ec580000)
 ParOldGen       total 60928K, used 42194K [0x00000000a0000000, 0x00000000a3b80000, 0x00000000e0000000)
  object space 60928K, 69% used [0x00000000a0000000,0x00000000a2934828,0x00000000a3b80000)
 Metaspace       used 54965K, capacity 57268K, committed 57472K, reserved 1099776K
  class space    used 7576K, capacity 8054K, committed 8064K, reserved 1048576K
Event: 36.712 GC heap after
Heap after GC invocations=17 (full 3):
 PSYoungGen      total 183296K, used 8747K [0x00000000e0000000, 0x00000000eef80000, 0x0000000100000000)
  eden space 163328K, 0% used [0x00000000e0000000,0x00000000e0000000,0x00000000e9f80000)
  from space 19968K, 43% used [0x00000000eb200000,0x00000000eba8ada0,0x00000000ec580000)
  to   space 18944K, 0% used [0x00000000e9f80000,0x00000000e9f80000,0x00000000eb200000)
 ParOldGen       total 60928K, used 42202K [0x00000000a0000000, 0x00000000a3b80000, 0x00000000e0000000)
  object space 60928K, 69% used [0x00000000a0000000,0x00000000a2936828,0x00000000a3b80000)
 Metaspace       used 54965K, capacity 57268K, committed 57472K, reserved 1099776K
  class space    used 7576K, capacity 8054K, committed 8064K, reserved 1048576K
}
Event: 102.060 GC heap before
{Heap before GC invocations=18 (full 3):
 PSYoungGen      total 183296K, used 172075K [0x00000000e0000000, 0x00000000eef80000, 0x0000000100000000)
  eden space 163328K, 100% used [0x00000000e0000000,0x00000000e9f80000,0x00000000e9f80000)
  from space 19968K, 43% used [0x00000000eb200000,0x00000000eba8ada0,0x00000000ec580000)
  to   space 18944K, 0% used [0x00000000e9f80000,0x00000000e9f80000,0x00000000eb200000)
 ParOldGen       total 60928K, used 42202K [0x00000000a0000000, 0x00000000a3b80000, 0x00000000e0000000)
  object space 60928K, 69% used [0x00000000a0000000,0x00000000a2936828,0x00000000a3b80000)
 Metaspace       used 58864K, capacity 61336K, committed 61568K, reserved 1101824K
  class space    used 8026K, capacity 8517K, committed 8576K, reserved 1048576K
Event: 102.072 GC heap after
Heap after GC invocations=18 (full 3):
 PSYoungGen      total 182272K, used 9564K [0x00000000e0000000, 0x00000000ee980000, 0x0000000100000000)
  eden space 163328K, 0% used [0x00000000e0000000,0x00000000e0000000,0x00000000e9f80000)
  from space 18944K, 50% used [0x00000000e9f80000,0x00000000ea8d7370,0x00000000eb200000)
  to   space 18432K, 0% used [0x00000000ed780000,0x00000000ed780000,0x00000000ee980000)
 ParOldGen       total 60928K, used 42210K [0x00000000a0000000, 0x00000000a3b80000, 0x00000000e0000000)
  object space 60928K, 69% used [0x00000000a0000000,0x00000000a2938828,0x00000000a3b80000)
 Metaspace       used 58864K, capacity 61336K, committed 61568K, reserved 1101824K
  class space    used 8026K, capacity 8517K, committed 8576K, reserved 1048576K
}
Event: 110.881 GC heap before
{Heap before GC invocations=19 (full 3):
 PSYoungGen      total 182272K, used 172892K [0x00000000e0000000, 0x00000000ee980000, 0x0000000100000000)
  eden space 163328K, 100% used [0x00000000e0000000,0x00000000e9f80000,0x00000000e9f80000)
  from space 18944K, 50% used [0x00000000e9f80000,0x00000000ea8d7370,0x00000000eb200000)
  to   space 18432K, 0% used [0x00000000ed780000,0x00000000ed780000,0x00000000ee980000)
 ParOldGen       total 60928K, used 42210K [0x00000000a0000000, 0x00000000a3b80000, 0x00000000e0000000)
  object space 60928K, 69% used [0x00000000a0000000,0x00000000a2938828,0x00000000a3b80000)
 Metaspace       used 60125K, capacity 62998K, committed 63104K, reserved 1103872K
  class space    used 8189K, capacity 8756K, committed 8832K, reserved 1048576K
Event: 110.912 GC heap after
Heap after GC invocations=19 (full 3):
 PSYoungGen      total 212480K, used 12633K [0x00000000e0000000, 0x00000000ee580000, 0x0000000100000000)
  eden space 198144K, 0% used [0x00000000e0000000,0x00000000e0000000,0x00000000ec180000)
  from space 14336K, 88% used [0x00000000ed780000,0x00000000ee3d6558,0x00000000ee580000)
  to   space 18432K, 0% used [0x00000000ec180000,0x00000000ec180000,0x00000000ed380000)
 ParOldGen       total 60928K, used 42218K [0x00000000a0000000, 0x00000000a3b80000, 0x00000000e0000000)
  object space 60928K, 69% used [0x00000000a0000000,0x00000000a293a828,0x00000000a3b80000)
 Metaspace       used 60125K, capacity 62998K, committed 63104K, reserved 1103872K
  class space    used 8189K, capacity 8756K, committed 8832K, reserved 1048576K
}
Event: 135.360 GC heap before
{Heap before GC invocations=20 (full 3):
 PSYoungGen      total 212480K, used 210777K [0x00000000e0000000, 0x00000000ee580000, 0x0000000100000000)
  eden space 198144K, 100% used [0x00000000e0000000,0x00000000ec180000,0x00000000ec180000)
  from space 14336K, 88% used [0x00000000ed780000,0x00000000ee3d6558,0x00000000ee580000)
  to   space 18432K, 0% used [0x00000000ec180000,0x00000000ec180000,0x00000000ed380000)
 ParOldGen       total 60928K, used 42218K [0x00000000a0000000, 0x00000000a3b80000, 0x00000000e0000000)
  object space 60928K, 69% used [0x00000000a0000000,0x00000000a293a828,0x00000000a3b80000)
 Metaspace       used 61780K, capacity 64660K, committed 64768K, reserved 1105920K
  class space    used 8305K, capacity 8881K, committed 8960K, reserved 1048576K
Event: 135.414 GC heap after
Heap after GC invocations=20 (full 3):
 PSYoungGen      total 216576K, used 18409K [0x00000000e0000000, 0x00000000f1700000, 0x0000000100000000)
  eden space 198144K, 0% used [0x00000000e0000000,0x00000000e0000000,0x00000000ec180000)
  from space 18432K, 99% used [0x00000000ec180000,0x00000000ed37a480,0x00000000ed380000)
  to   space 25600K, 0% used [0x00000000efe00000,0x00000000efe00000,0x00000000f1700000)
 ParOldGen       total 60928K, used 55154K [0x00000000a0000000, 0x00000000a3b80000, 0x00000000e0000000)
  object space 60928K, 90% used [0x00000000a0000000,0x00000000a35dca38,0x00000000a3b80000)
 Metaspace       used 61780K, capacity 64660K, committed 64768K, reserved 1105920K
  class space    used 8305K, capacity 8881K, committed 8960K, reserved 1048576K
}
Event: 135.414 GC heap before
{Heap before GC invocations=21 (full 4):
 PSYoungGen      total 216576K, used 18409K [0x00000000e0000000, 0x00000000f1700000, 0x0000000100000000)
  eden space 198144K, 0% used [0x00000000e0000000,0x00000000e0000000,0x00000000ec180000)
  from space 18432K, 99% used [0x00000000ec180000,0x00000000ed37a480,0x00000000ed380000)
  to   space 25600K, 0% used [0x00000000efe00000,0x00000000efe00000,0x00000000f1700000)
 ParOldGen       total 60928K, used 55154K [0x00000000a0000000, 0x00000000a3b80000, 0x00000000e0000000)
  object space 60928K, 90% used [0x00000000a0000000,0x00000000a35dca38,0x00000000a3b80000)
 Metaspace       used 61780K, capacity 64660K, committed 64768K, reserved 1105920K
  class space    used 8305K, capacity 8881K, committed 8960K, reserved 1048576K
Event: 136.109 GC heap after
Heap after GC invocations=21 (full 4):
 PSYoungGen      total 216576K, used 10645K [0x00000000e0000000, 0x00000000f1700000, 0x0000000100000000)
  eden space 198144K, 0% used [0x00000000e0000000,0x00000000e0000000,0x00000000ec180000)
  from space 18432K, 57% used [0x00000000ec180000,0x00000000ecbe5660,0x00000000ed380000)
  to   space 25600K, 0% used [0x00000000efe00000,0x00000000efe00000,0x00000000f1700000)
 ParOldGen       total 60928K, used 60862K [0x00000000a0000000, 0x00000000a3b80000, 0x00000000e0000000)
  object space 60928K, 99% used [0x00000000a0000000,0x00000000a3b6fb18,0x00000000a3b80000)
 Metaspace       used 61743K, capacity 64544K, committed 64768K, reserved 1105920K
  class space    used 8294K, capacity 8867K, committed 8960K, reserved 1048576K
}

