# JRE version: Java(TM) SE Runtime Environment (8.0_91-b15) (build 1.8.0_91-b15)
# Java VM: Java HotSpot(TM) 64-Bit Server VM (25.91-b15 mixed mode windows-amd64 compressed oops)
Heap:
 PSYoungGen      total 29184K, used 23292K [0x00000000e0000000, 0x00000000e2880000, 0x0000000100000000)
  eden space 27136K, 78% used [0x00000000e0000000,0x00000000e14df0a8,0x00000000e1a80000)
  from space 2048K, 93% used [0x00000000e1b00000,0x00000000e1ce0000,0x00000000e1d00000)
  to   space 7168K, 0% used [0x00000000e2180000,0x00000000e2180000,0x00000000e2880000)
 ParOldGen       total 73728K, used 56108K [0x00000000a0000000, 0x00000000a4800000, 0x00000000e0000000)
  object space 73728K, 76% used [0x00000000a0000000,0x00000000a36cb3d0,0x00000000a4800000)
 Metaspace       used 56971K, capacity 59380K, committed 59520K, reserved 1099776K
  class space    used 7781K, capacity 8249K, committed 8320K, reserved 1048576K
GC Heap History (10 events):
Event: 329.864 GC heap before
{Heap before GC invocations=41 (full 4):
 PSYoungGen      total 35328K, used 35296K [0x00000000e0000000, 0x00000000e2c00000, 0x0000000100000000)
  eden space 29696K, 100% used [0x00000000e0000000,0x00000000e1d00000,0x00000000e1d00000)
  from space 5632K, 99% used [0x00000000e2680000,0x00000000e2bf8020,0x00000000e2c00000)
  to   space 7680K, 0% used [0x00000000e1d00000,0x00000000e1d00000,0x00000000e2480000)
 ParOldGen       total 73728K, used 49860K [0x00000000a0000000, 0x00000000a4800000, 0x00000000e0000000)
  object space 73728K, 67% used [0x00000000a0000000,0x00000000a30b1278,0x00000000a4800000)
 Metaspace       used 56392K, capacity 58666K, committed 59008K, reserved 1099776K
  class space    used 7738K, capacity 8196K, committed 8320K, reserved 1048576K
Event: 329.873 GC heap after
Heap after GC invocations=41 (full 4):
 PSYoungGen      total 31744K, used 2103K [0x00000000e0000000, 0x00000000e2b80000, 0x0000000100000000)
  eden space 29184K, 0% used [0x00000000e0000000,0x00000000e0000000,0x00000000e1c80000)
  from space 2560K, 82% used [0x00000000e1d00000,0x00000000e1f0df68,0x00000000e1f80000)
  to   space 7680K, 0% used [0x00000000e2400000,0x00000000e2400000,0x00000000e2b80000)
 ParOldGen       total 73728K, used 54072K [0x00000000a0000000, 0x00000000a4800000, 0x00000000e0000000)
  object space 73728K, 73% used [0x00000000a0000000,0x00000000a34ce308,0x00000000a4800000)
 Metaspace       used 56392K, capacity 58666K, committed 59008K, reserved 1099776K
  class space    used 7738K, capacity 8196K, committed 8320K, reserved 1048576K
}
Event: 2142.315 GC heap before
{Heap before GC invocations=42 (full 4):
 PSYoungGen      total 31744K, used 31287K [0x00000000e0000000, 0x00000000e2b80000, 0x0000000100000000)
  eden space 29184K, 100% used [0x00000000e0000000,0x00000000e1c80000,0x00000000e1c80000)
  from space 2560K, 82% used [0x00000000e1d00000,0x00000000e1f0df68,0x00000000e1f80000)
  to   space 7680K, 0% used [0x00000000e2400000,0x00000000e2400000,0x00000000e2b80000)
 ParOldGen       total 73728K, used 54072K [0x00000000a0000000, 0x00000000a4800000, 0x00000000e0000000)
  object space 73728K, 73% used [0x00000000a0000000,0x00000000a34ce308,0x00000000a4800000)
 Metaspace       used 56696K, capacity 59002K, committed 59264K, reserved 1099776K
  class space    used 7765K, capacity 8240K, committed 8320K, reserved 1048576K
Event: 2142.324 GC heap after
Heap after GC invocations=42 (full 4):
 PSYoungGen      total 35840K, used 1056K [0x00000000e0000000, 0x00000000e2b00000, 0x0000000100000000)
  eden space 28672K, 0% used [0x00000000e0000000,0x00000000e0000000,0x00000000e1c00000)
  from space 7168K, 14% used [0x00000000e2400000,0x00000000e2508000,0x00000000e2b00000)
  to   space 7680K, 0% used [0x00000000e1c00000,0x00000000e1c00000,0x00000000e2380000)
 ParOldGen       total 73728K, used 55096K [0x00000000a0000000, 0x00000000a4800000, 0x00000000e0000000)
  object space 73728K, 74% used [0x00000000a0000000,0x00000000a35ce318,0x00000000a4800000)
 Metaspace       used 56696K, capacity 59002K, committed 59264K, reserved 1099776K
  class space    used 7765K, capacity 8240K, committed 8320K, reserved 1048576K
}
Event: 2151.595 GC heap before
{Heap before GC invocations=43 (full 4):
 PSYoungGen      total 35840K, used 29728K [0x00000000e0000000, 0x00000000e2b00000, 0x0000000100000000)
  eden space 28672K, 100% used [0x00000000e0000000,0x00000000e1c00000,0x00000000e1c00000)
  from space 7168K, 14% used [0x00000000e2400000,0x00000000e2508000,0x00000000e2b00000)
  to   space 7680K, 0% used [0x00000000e1c00000,0x00000000e1c00000,0x00000000e2380000)
 ParOldGen       total 73728K, used 55096K [0x00000000a0000000, 0x00000000a4800000, 0x00000000e0000000)
  object space 73728K, 74% used [0x00000000a0000000,0x00000000a35ce318,0x00000000a4800000)
 Metaspace       used 56718K, capacity 59002K, committed 59264K, reserved 1099776K
  class space    used 7765K, capacity 8240K, committed 8320K, reserved 1048576K
Event: 2151.599 GC heap after
Heap after GC invocations=43 (full 4):
 PSYoungGen      total 29184K, used 672K [0x00000000e0000000, 0x00000000e2a80000, 0x0000000100000000)
  eden space 28160K, 0% used [0x00000000e0000000,0x00000000e0000000,0x00000000e1b80000)
  from space 1024K, 65% used [0x00000000e1c00000,0x00000000e1ca8000,0x00000000e1d00000)
  to   space 7680K, 0% used [0x00000000e2300000,0x00000000e2300000,0x00000000e2a80000)
 ParOldGen       total 73728K, used 55852K [0x00000000a0000000, 0x00000000a4800000, 0x00000000e0000000)
  object space 73728K, 75% used [0x00000000a0000000,0x00000000a368b3d0,0x00000000a4800000)
 Metaspace       used 56718K, capacity 59002K, committed 59264K, reserved 1099776K
  class space    used 7765K, capacity 8240K, committed 8320K, reserved 1048576K
}
Event: 2156.396 GC heap before
{Heap before GC invocations=44 (full 4):
 PSYoungGen      total 29184K, used 28832K [0x00000000e0000000, 0x00000000e2a80000, 0x0000000100000000)
  eden space 28160K, 100% used [0x00000000e0000000,0x00000000e1b80000,0x00000000e1b80000)
  from space 1024K, 65% used [0x00000000e1c00000,0x00000000e1ca8000,0x00000000e1d00000)
  to   space 7680K, 0% used [0x00000000e2300000,0x00000000e2300000,0x00000000e2a80000)
 ParOldGen       total 73728K, used 55852K [0x00000000a0000000, 0x00000000a4800000, 0x00000000e0000000)
  object space 73728K, 75% used [0x00000000a0000000,0x00000000a368b3d0,0x00000000a4800000)
 Metaspace       used 56736K, capacity 59066K, committed 59264K, reserved 1099776K
  class space    used 7765K, capacity 8240K, committed 8320K, reserved 1048576K
Event: 2156.398 GC heap after
Heap after GC invocations=44 (full 4):
 PSYoungGen      total 34816K, used 896K [0x00000000e0000000, 0x00000000e2a00000, 0x0000000100000000)
  eden space 27648K, 0% used [0x00000000e0000000,0x00000000e0000000,0x00000000e1b00000)
  from space 7168K, 12% used [0x00000000e2300000,0x00000000e23e0000,0x00000000e2a00000)
  to   space 7680K, 0% used [0x00000000e1b00000,0x00000000e1b00000,0x00000000e2280000)
 ParOldGen       total 73728K, used 56100K [0x00000000a0000000, 0x00000000a4800000, 0x00000000e0000000)
  object space 73728K, 76% used [0x00000000a0000000,0x00000000a36c93d0,0x00000000a4800000)
 Metaspace       used 56736K, capacity 59066K, committed 59264K, reserved 1099776K
  class space    used 7765K, capacity 8240K, committed 8320K, reserved 1048576K
}
Event: 2174.207 GC heap before
{Heap before GC invocations=45 (full 4):
 PSYoungGen      total 34816K, used 28544K [0x00000000e0000000, 0x00000000e2a00000, 0x0000000100000000)
  eden space 27648K, 100% used [0x00000000e0000000,0x00000000e1b00000,0x00000000e1b00000)
  from space 7168K, 12% used [0x00000000e2300000,0x00000000e23e0000,0x00000000e2a00000)
  to   space 7680K, 0% used [0x00000000e1b00000,0x00000000e1b00000,0x00000000e2280000)
 ParOldGen       total 73728K, used 56100K [0x00000000a0000000, 0x00000000a4800000, 0x00000000e0000000)
  object space 73728K, 76% used [0x00000000a0000000,0x00000000a36c93d0,0x00000000a4800000)
 Metaspace       used 56847K, capacity 59160K, committed 59264K, reserved 1099776K
  class space    used 7769K, capacity 8245K, committed 8320K, reserved 1048576K
Event: 2174.212 GC heap after
Heap after GC invocations=45 (full 4):
 PSYoungGen      total 29184K, used 1920K [0x00000000e0000000, 0x00000000e2880000, 0x0000000100000000)
  eden space 27136K, 0% used [0x00000000e0000000,0x00000000e0000000,0x00000000e1a80000)
  from space 2048K, 93% used [0x00000000e1b00000,0x00000000e1ce0000,0x00000000e1d00000)
  to   space 7168K, 0% used [0x00000000e2180000,0x00000000e2180000,0x00000000e2880000)
 ParOldGen       total 73728K, used 56108K [0x00000000a0000000, 0x00000000a4800000, 0x00000000e0000000)
  object space 73728K, 76% used [0x00000000a0000000,0x00000000a36cb3d0,0x00000000a4800000)
 Metaspace       used 56847K, capacity 59160K, committed 59264K, reserved 1099776K
  class space    used 7769K, capacity 8245K, committed 8320K, reserved 1048576K
}

